-0.000558975
-0.000383656
-0.00106976
-0.000623652
-0.00157614
-0.000931696
-0.00208714
-0.00132457
-0.00259894
-0.00181557
-0.00310884
-0.0024077
-0.00361509
-0.00310151
-0.00411673
-0.00389635
-0.00461329
-0.00479124
-0.00510456
-0.00578504
-0.00559044
-0.00687664
-0.0060709
-0.00806491
-0.00654592
-0.00934874
-0.00701552
-0.010727
-0.00747968
-0.0121987
-0.00793842
-0.0137627
-0.00839172
-0.0154179
-0.0088396
-0.0171632
-0.00928204
-0.0189975
-0.00971906
-0.0209198
-0.0101506
-0.0229289
-0.0105768
-0.0250238
-0.0109975
-0.0272034
-0.0114128
-0.0294666
-0.0118227
-0.0318123
-0.0122272
-0.0342394
-0.0126262
-0.0367469
-0.0130198
-0.0393337
-0.0134079
-0.0419986
-0.0137906
-0.0447406
-0.0141679
-0.0475587
-0.0145398
-0.0504516
-0.0149063
-0.0534184
-0.0152673
-0.0564579
-0.0156229
-0.0595691
-0.015973
-0.0627508
-0.0163177
-0.066002
-0.016657
-0.0693217
-0.0169909
-0.0727086
-0.0173194
-0.0761618
-0.0176424
-0.0796802
-0.01796
-0.0832626
-0.0182721
-0.0869079
-0.0185788
-0.0906152
-0.0188801
-0.0943832
-0.019176
-0.098211
-0.0194664
-0.102097
-0.0197514
-0.106041
-0.020031
-0.110042
-0.0203052
-0.114098
-0.0205739
-0.118208
-0.0208372
-0.122371
-0.0210951
-0.126586
-0.0213475
-0.130853
-0.0215945
-0.135169
-0.0218361
-0.139534
-0.0220723
-0.143947
-0.022303
-0.148407
-0.0225283
-0.152912
-0.0227481
-0.157462
-0.0229626
-0.162055
-0.0231716
-0.166691
-0.0233752
-0.171368
-0.0235733
-0.176085
-0.023766
-0.180841
-0.0239533
-0.185635
-0.0241352
-0.190466
-0.0243116
-0.195333
-0.0244826
-0.200234
-0.0246482
-0.20517
-0.0248084
-0.210137
-0.0249631
-0.215137
-0.0251124
-0.220166
-0.0252562
-0.225225
-0.0253947
-0.230313
-0.0255277
-0.235427
-0.0256553
-0.240568
-0.0257774
-0.245733
-0.0258941
-0.250922
-0.0260054
-0.256134
-0.0261113
-0.261368
-0.0262118
-0.266623
-0.0263068
-0.271897
-0.0263964
-0.277189
-0.0264807
-0.282499
-0.0265594
-0.287825
-0.0266328
-0.293167
-0.0267006
-0.298523
-0.026763
-0.303892
-0.0268196
-0.309273
-0.0268704
-0.314665
-0.0269151
-0.320067
-0.0269533
-0.325477
-0.0269847
-0.330894
-0.027009
-0.336316
-0.027026
-0.341741
-0.027036
-0.347165
-0.0270402
-0.352587
-0.0270409
-0.358005
-0.0270407
-0.363419
-0.000367349
-0.000175626
-0.000802363
-0.000427245
-0.00122795
-0.000731418
-0.00164672
-0.0011253
-0.00206063
-0.00161744
-0.00247038
-0.00221123
-0.00287606
-0.00290691
-0.00327758
-0.00370376
-0.00367487
-0.0046007
-0.00406787
-0.00559659
-0.00445656
-0.00669027
-0.00484091
-0.00788063
-0.00522093
-0.00916656
-0.0055966
-0.010547
-0.00596793
-0.0120207
-0.00633491
-0.0135868
-0.00669756
-0.0152441
-0.00705586
-0.0169915
-0.00740981
-0.0188279
-0.00775942
-0.0207522
-0.0081047
-0.0227635
-0.00844562
-0.0248605
-0.00878221
-0.0270421
-0.00911445
-0.0293074
-0.00944235
-0.0316553
-0.0097659
-0.0340845
-0.0100851
-0.0365941
-0.0104
-0.0391829
-0.0107105
-0.04185
-0.0110167
-0.0445941
-0.0113185
-0.0474142
-0.011616
-0.0503092
-0.0119092
-0.0532781
-0.012198
-0.0563197
-0.0124825
-0.059433
-0.0127626
-0.0626168
-0.0130384
-0.0658701
-0.0133098
-0.0691919
-0.0135769
-0.0725809
-0.0138397
-0.0760362
-0.0140981
-0.0795566
-0.0143521
-0.0831411
-0.0146019
-0.0867886
-0.0148472
-0.0904979
-0.0150883
-0.0942681
-0.015325
-0.0980979
-0.0155573
-0.101986
-0.0157853
-0.105932
-0.016009
-0.109935
-0.0162283
-0.113993
-0.0164433
-0.118105
-0.0166539
-0.12227
-0.0168602
-0.126488
-0.0170622
-0.130756
-0.0172598
-0.135075
-0.0174531
-0.139442
-0.017642
-0.143857
-0.0178266
-0.148319
-0.0180068
-0.152826
-0.0181827
-0.157378
-0.0183542
-0.161974
-0.0185214
-0.166611
-0.0186843
-0.17129
-0.0188428
-0.176009
-0.018997
-0.180768
-0.0191468
-0.185564
-0.0192923
-0.190397
-0.0194335
-0.195266
-0.0195703
-0.200169
-0.0197027
-0.205107
-0.0198309
-0.210077
-0.0199546
-0.215078
-0.0200741
-0.22011
-0.0201892
-0.225171
-0.0202999
-0.23026
-0.0204063
-0.235377
-0.0205084
-0.240519
-0.0206061
-0.245687
-0.0206995
-0.250878
-0.0207885
-0.256093
-0.0208732
-0.261328
-0.0209536
-0.266585
-0.0210296
-0.271861
-0.0211013
-0.277156
-0.0211686
-0.282468
-0.0212316
-0.287796
-0.0212902
-0.29314
-0.0213445
-0.298498
-0.0213942
-0.303869
-0.0214395
-0.309252
-0.0214802
-0.314647
-0.0215161
-0.320051
-0.021547
-0.325464
-0.0215729
-0.330883
-0.0215935
-0.336308
-0.0216088
-0.341735
-0.0216191
-0.347163
-0.0216248
-0.352586
-0.021627
-0.358005
-0.0216274
-0.363418
-0.000266275
-6.95267e-05
-0.000572645
-0.000271957
-0.000895989
-0.000572359
-0.0012163
-0.000966823
-0.00153127
-0.00146125
-0.0018412
-0.00205727
-0.0021468
-0.00275499
-0.00244856
-0.0035537
-0.0027468
-0.0044524
-0.00304165
-0.00544997
-0.00333319
-0.00654531
-0.00362146
-0.00773731
-0.00390647
-0.00902487
-0.00418822
-0.0104069
-0.00446672
-0.0118823
-0.00474196
-0.01345
-0.00501394
-0.0151089
-0.00528266
-0.0168579
-0.00554813
-0.018696
-0.00581034
-0.0206219
-0.00606929
-0.0226348
-0.00632499
-0.0247334
-0.00657743
-0.0269167
-0.00682661
-0.0291837
-0.00707253
-0.0315331
-0.0073152
-0.033964
-0.00755461
-0.0364752
-0.00779076
-0.0390657
-0.00802365
-0.0417343
-0.00825329
-0.0444801
-0.00847967
-0.0473018
-0.0087028
-0.0501985
-0.00892266
-0.053169
-0.00913927
-0.0562122
-0.00935262
-0.0593271
-0.00956272
-0.0625126
-0.00976955
-0.0657675
-0.00997313
-0.0690909
-0.0101735
-0.0724816
-0.0103705
-0.0759385
-0.0105643
-0.0794605
-0.0107549
-0.0830466
-0.0109422
-0.0866957
-0.0111262
-0.0904067
-0.011307
-0.0941785
-0.0114845
-0.09801
-0.0116588
-0.1019
-0.0118298
-0.105848
-0.0119975
-0.109852
-0.012162
-0.113911
-0.0123233
-0.118025
-0.0124812
-0.122192
-0.012636
-0.126411
-0.0127874
-0.130681
-0.0129356
-0.135002
-0.0130806
-0.139371
-0.0132223
-0.143787
-0.0133607
-0.148251
-0.0134959
-0.15276
-0.0136278
-0.157313
-0.0137565
-0.16191
-0.0138819
-0.166549
-0.014004
-0.17123
-0.0141229
-0.175951
-0.0142385
-0.180711
-0.0143509
-0.185508
-0.01446
-0.190343
-0.0145659
-0.195214
-0.0146685
-0.200119
-0.0147678
-0.205058
-0.0148639
-0.210029
-0.0149568
-0.215033
-0.0150463
-0.220066
-0.0151326
-0.225129
-0.0152157
-0.23022
-0.0152955
-0.235338
-0.0153721
-0.240482
-0.0154453
-0.245651
-0.0155154
-0.250844
-0.0155822
-0.25606
-0.0156457
-0.261298
-0.0157059
-0.266556
-0.0157629
-0.271833
-0.0158167
-0.27713
-0.0158672
-0.282443
-0.0159144
-0.287773
-0.0159584
-0.293119
-0.0159991
-0.298478
-0.0160365
-0.303851
-0.0160707
-0.309236
-0.0161015
-0.314632
-0.016129
-0.320038
-0.0161532
-0.325452
-0.0161738
-0.330874
-0.0161907
-0.336301
-0.0162037
-0.341731
-0.0162125
-0.347161
-0.0162172
-0.352587
-0.0162183
-0.358007
-0.0162176
-0.363419
-0.000173602
-9.88976e-06
-0.000372951
-0.000173408
-0.000585415
-0.000458897
-0.0008006
-0.000851856
-0.00101281
-0.00134788
-0.00122112
-0.00194611
-0.00142586
-0.00264581
-0.00162757
-0.00344619
-0.00182664
-0.00434632
-0.00202332
-0.00534518
-0.00221772
-0.00644175
-0.00240991
-0.00763493
-0.00259992
-0.00892366
-0.00278776
-0.0103069
-0.00297342
-0.0117834
-0.00315691
-0.0133523
-0.00333823
-0.0150123
-0.00351738
-0.0167625
-0.00369436
-0.0186017
-0.00386917
-0.0205289
-0.0040418
-0.0225429
-0.00421226
-0.0246427
-0.00438056
-0.0268272
-0.00454668
-0.0290953
-0.00471063
-0.0314459
-0.0048724
-0.0338779
-0.00503201
-0.0363903
-0.00518944
-0.0389819
-0.00534471
-0.0416517
-0.0054978
-0.0443986
-0.00564872
-0.0472215
-0.00579747
-0.0501194
-0.00594405
-0.053091
-0.00608845
-0.0561354
-0.00623069
-0.0592515
-0.00637075
-0.0624381
-0.00650864
-0.0656942
-0.00664436
-0.0690188
-0.00677791
-0.0724106
-0.00690928
-0.0758687
-0.00703849
-0.0793919
-0.00716552
-0.0829792
-0.00729038
-0.0866294
-0.00741307
-0.0903416
-0.00753359
-0.0941145
-0.00765194
-0.0979472
-0.00776812
-0.101838
-0.00788212
-0.105787
-0.00799395
-0.109793
-0.00810362
-0.113853
-0.00821111
-0.117968
-0.00831642
-0.122136
-0.00841957
-0.126357
-0.00852055
-0.130628
-0.00861935
-0.134949
-0.00871598
-0.139319
-0.00881044
-0.143737
-0.00890273
-0.148202
-0.00899285
-0.152712
-0.0090808
-0.157267
-0.00916657
-0.161865
-0.00925018
-0.166505
-0.00933161
-0.171187
-0.00941087
-0.175909
-0.00948796
-0.18067
-0.00956287
-0.185469
-0.00963562
-0.190305
-0.00970619
-0.195176
-0.0097746
-0.200083
-0.00984083
-0.205023
-0.00990489
-0.209996
-0.00996678
-0.215
-0.0100265
-0.220035
-0.010084
-0.225098
-0.0101394
-0.230191
-0.0101926
-0.23531
-0.0102436
-0.240455
-0.0102925
-0.245625
-0.0103392
-0.25082
-0.0103837
-0.256037
-0.010426
-0.261275
-0.0104662
-0.266535
-0.0105042
-0.271814
-0.01054
-0.277111
-0.0105737
-0.282426
-0.0106052
-0.287757
-0.0106345
-0.293103
-0.0106618
-0.298464
-0.0106869
-0.303838
-0.0107101
-0.309224
-0.0107312
-0.314621
-0.0107504
-0.320028
-0.0107677
-0.325444
-0.010783
-0.330867
-0.0107961
-0.336295
-0.0108063
-0.341728
-0.0108132
-0.347161
-0.0108162
-0.35259
-0.0108154
-0.358013
-0.0108126
-0.363424
-8.60198e-05
2.16242e-05
-0.000184146
-0.000118775
-0.000289533
-0.00039274
-0.000397079
-0.000782473
-0.000503771
-0.00127909
-0.000608479
-0.00187879
-0.000711222
-0.00257992
-0.000812285
-0.00338147
-0.000911926
-0.00428257
-0.00101031
-0.00528227
-0.00110753
-0.00637959
-0.00120364
-0.0075735
-0.00129864
-0.00886293
-0.00139256
-0.0102468
-0.00148539
-0.0117241
-0.00157714
-0.0132936
-0.0016678
-0.0149544
-0.00175737
-0.0167053
-0.00184586
-0.0185452
-0.00193326
-0.020473
-0.00201958
-0.0224878
-0.00210481
-0.0245882
-0.00218896
-0.0267734
-0.00227202
-0.0290422
-0.00235399
-0.0313935
-0.00243488
-0.0338262
-0.00251469
-0.0363393
-0.0025934
-0.0389317
-0.00267104
-0.0416022
-0.00274758
-0.0443498
-0.00282304
-0.0471734
-0.00289742
-0.0500719
-0.00297071
-0.0530442
-0.00304291
-0.0560893
-0.00311403
-0.0592061
-0.00318406
-0.0623934
-0.003253
-0.0656503
-0.00332086
-0.0689755
-0.00338764
-0.072368
-0.00345332
-0.0758268
-0.00351793
-0.0793507
-0.00358144
-0.0829387
-0.00364387
-0.0865896
-0.00370522
-0.0903025
-0.00376548
-0.0940761
-0.00382465
-0.0979095
-0.00388274
-0.101801
-0.00393974
-0.105751
-0.00399566
-0.109757
-0.00405049
-0.113818
-0.00410423
-0.117934
-0.00415689
-0.122103
-0.00420847
-0.126324
-0.00425895
-0.130596
-0.00430836
-0.134918
-0.00435667
-0.139289
-0.0044039
-0.143707
-0.00445005
-0.148172
-0.00449511
-0.152683
-0.00453908
-0.157239
-0.00458197
-0.161838
-0.00462377
-0.166479
-0.00466449
-0.171161
-0.00470412
-0.175884
-0.00474266
-0.180645
-0.00478012
-0.185445
-0.00481649
-0.190282
-0.00485178
-0.195154
-0.00488598
-0.200061
-0.00491909
-0.205002
-0.00495112
-0.209975
-0.00498207
-0.21498
-0.00501193
-0.220016
-0.0050407
-0.22508
-0.00506839
-0.230173
-0.00509499
-0.235293
-0.0051205
-0.240439
-0.00514492
-0.24561
-0.00516826
-0.250805
-0.00519051
-0.256023
-0.00521167
-0.261262
-0.00523174
-0.266522
-0.00525072
-0.271802
-0.00526862
-0.2771
-0.00528545
-0.282415
-0.00530123
-0.287747
-0.00531598
-0.293094
-0.00532975
-0.298455
-0.0053426
-0.30383
-0.00535464
-0.309216
-0.00536597
-0.314613
-0.00537671
-0.320021
-0.00538697
-0.325437
-0.00539672
-0.330861
-0.00540569
-0.336291
-0.00541323
-0.341726
-0.00541826
-0.347163
-0.00541958
-0.352597
-0.0054167
-0.358024
-0.00541088
-0.363435
2.66107e-11
3.15252e-05
1.56167e-10
-0.00010127
3.11342e-10
-0.000371057
4.25901e-10
-0.000759383
4.67915e-10
-0.00125603
4.72606e-10
-0.00185623
4.62726e-10
-0.00255788
3.96798e-10
-0.00335986
2.6958e-10
-0.00426129
1.88882e-10
-0.00526128
2.16638e-10
-0.00635886
2.3783e-10
-0.00755302
1.56507e-10
-0.00884269
5.60317e-11
-0.0102268
-1.59399e-11
-0.0117043
-1.80198e-10
-0.0132741
-4.6193e-10
-0.0149351
-6.75346e-10
-0.0166862
-7.13837e-10
-0.0185263
-6.58899e-10
-0.0204544
-5.36715e-10
-0.0224694
-2.83005e-10
-0.0245701
5.10392e-11
-0.0267555
3.54284e-10
-0.0290245
6.29243e-10
-0.0313761
8.60138e-10
-0.033809
9.1575e-10
-0.0363223
7.94855e-10
-0.0389149
6.65616e-10
-0.0415856
5.42281e-10
-0.0443335
3.07309e-10
-0.0471573
3.73287e-11
-0.0500561
-1.10463e-10
-0.0530287
-1.72091e-10
-0.056074
-2.09278e-10
-0.059191
-1.89447e-10
-0.0623785
-1.7742e-10
-0.0656356
-2.5655e-10
-0.0689611
-3.58354e-10
-0.0723538
-4.65466e-10
-0.0758128
-6.40308e-10
-0.079337
-7.78732e-10
-0.0829252
-7.62675e-10
-0.0865764
-6.5813e-10
-0.0902895
-4.96877e-10
-0.0940633
-2.44981e-10
-0.0978969
5.8703e-11
-0.101789
4.24632e-10
-0.105739
8.47448e-10
-0.109745
1.15839e-09
-0.113807
1.26757e-09
-0.117923
1.20983e-09
-0.122092
9.85976e-10
-0.126313
7.00871e-10
-0.130585
4.2391e-10
-0.134907
-2.39248e-12
-0.139278
-5.2667e-10
-0.143697
-8.5425e-10
-0.148163
-9.44572e-10
-0.152674
-9.01009e-10
-0.157229
-7.74902e-10
-0.161828
-6.99695e-10
-0.16647
-7.14538e-10
-0.171153
-6.63783e-10
-0.175875
-4.63949e-10
-0.180637
-1.92447e-10
-0.185437
4.82821e-11
-0.190274
2.00407e-10
-0.195147
2.1905e-10
-0.200054
1.43947e-10
-0.204995
1.24864e-10
-0.209969
2.2503e-10
-0.214974
4.82527e-10
-0.220009
1.05829e-09
-0.225074
2.15279e-09
-0.230167
4.1262e-09
-0.235288
7.51076e-09
-0.240434
1.28859e-08
-0.245605
2.08734e-08
-0.2508
3.20195e-08
-0.256018
4.66495e-08
-0.261258
6.424e-08
-0.266518
8.25097e-08
-0.271798
9.59023e-08
-0.277096
9.31352e-08
-0.282412
5.39908e-08
-0.287744
-5.56259e-08
-0.293091
-2.89757e-07
-0.298452
-7.29551e-07
-0.303826
-1.4901e-06
-0.309213
-2.72389e-06
-0.31461
-4.61522e-06
-0.320017
-7.3516e-06
-0.325433
-1.10493e-05
-0.330857
-1.5598e-05
-0.336288
-2.03738e-05
-0.341725
-2.3955e-05
-0.347166
-2.42084e-05
-0.352607
-1.93631e-05
-0.358041
-9.86365e-06
-0.363456
8.60198e-05
2.16241e-05
0.000184146
-0.000118776
0.000289533
-0.00039274
0.00039708
-0.000782473
0.000503772
-0.00127909
0.00060848
-0.00187879
0.000711223
-0.00257992
0.000812285
-0.00338147
0.000911926
-0.00428257
0.00101031
-0.00528227
0.00110753
-0.00637959
0.00120364
-0.0075735
0.00129864
-0.00886293
0.00139256
-0.0102468
0.00148539
-0.0117241
0.00157714
-0.0132936
0.0016678
-0.0149544
0.00175737
-0.0167053
0.00184586
-0.0185452
0.00193326
-0.020473
0.00201958
-0.0224878
0.00210481
-0.0245882
0.00218896
-0.0267734
0.00227202
-0.0290422
0.002354
-0.0313935
0.00243488
-0.0338262
0.00251469
-0.0363393
0.00259341
-0.0389317
0.00267104
-0.0416022
0.00274758
-0.0443498
0.00282304
-0.0471734
0.00289742
-0.0500719
0.0029707
-0.0530442
0.00304291
-0.0560893
0.00311402
-0.0592061
0.00318406
-0.0623934
0.003253
-0.0656503
0.00332086
-0.0689755
0.00338763
-0.072368
0.00345332
-0.0758268
0.00351793
-0.0793507
0.00358144
-0.0829387
0.00364387
-0.0865896
0.00370522
-0.0903025
0.00376548
-0.0940761
0.00382465
-0.0979095
0.00388274
-0.101801
0.00393974
-0.105751
0.00399566
-0.109757
0.00405049
-0.113818
0.00410424
-0.117934
0.00415689
-0.122103
0.00420847
-0.126324
0.00425896
-0.130596
0.00430836
-0.134918
0.00435667
-0.139289
0.0044039
-0.143707
0.00445005
-0.148172
0.00449511
-0.152683
0.00453908
-0.157239
0.00458197
-0.161838
0.00462377
-0.166479
0.00466448
-0.171161
0.00470411
-0.175884
0.00474266
-0.180645
0.00478012
-0.185445
0.00481649
-0.190282
0.00485178
-0.195154
0.00488598
-0.200061
0.0049191
-0.205002
0.00495113
-0.209975
0.00498207
-0.21498
0.00501193
-0.220016
0.0050407
-0.22508
0.00506839
-0.230173
0.00509499
-0.235293
0.00512051
-0.240439
0.00514494
-0.24561
0.0051683
-0.250805
0.00519056
-0.256023
0.00521175
-0.261262
0.00523185
-0.266522
0.00525087
-0.271802
0.0052688
-0.2771
0.00528562
-0.282415
0.00530134
-0.287747
0.00531591
-0.293094
0.00532929
-0.298454
0.0053414
-0.303828
0.00535214
-0.309214
0.00536136
-0.31461
0.00536886
-0.320016
0.00537436
-0.325432
0.00537759
-0.330855
0.00537835
-0.336286
0.00537682
-0.341724
0.00537434
-0.34717
0.00537409
-0.35262
0.00538021
-0.358065
0.00539404
-0.363489
0.000173602
-9.88992e-06
0.000372952
-0.000173408
0.000585416
-0.000458898
0.000800601
-0.000851856
0.00101282
-0.00134788
0.00122112
-0.00194611
0.00142586
-0.00264581
0.00162757
-0.00344619
0.00182664
-0.00434632
0.00202332
-0.00534518
0.00221772
-0.00644175
0.00240991
-0.00763493
0.00259992
-0.00892366
0.00278776
-0.0103069
0.00297342
-0.0117834
0.00315691
-0.0133523
0.00333823
-0.0150123
0.00351738
-0.0167625
0.00369436
-0.0186017
0.00386917
-0.0205289
0.0040418
-0.0225429
0.00421226
-0.0246427
0.00438056
-0.0268272
0.00454668
-0.0290953
0.00471063
-0.0314459
0.00487241
-0.0338779
0.00503201
-0.0363903
0.00518945
-0.0389819
0.00534471
-0.0416517
0.0054978
-0.0443986
0.00564872
-0.0472215
0.00579747
-0.0501194
0.00594405
-0.053091
0.00608845
-0.0561354
0.00623069
-0.0592515
0.00637075
-0.0624381
0.00650864
-0.0656942
0.00664436
-0.0690188
0.00677791
-0.0724106
0.00690928
-0.0758687
0.00703849
-0.0793919
0.00716552
-0.0829792
0.00729038
-0.0866294
0.00741307
-0.0903416
0.00753359
-0.0941145
0.00765194
-0.0979472
0.00776812
-0.101838
0.00788212
-0.105787
0.00799396
-0.109793
0.00810362
-0.113853
0.00821111
-0.117968
0.00831643
-0.122136
0.00841957
-0.126357
0.00852055
-0.130628
0.00861935
-0.134949
0.00871598
-0.139319
0.00881044
-0.143737
0.00890273
-0.148202
0.00899285
-0.152712
0.0090808
-0.157267
0.00916657
-0.161865
0.00925017
-0.166505
0.00933161
-0.171187
0.00941087
-0.175909
0.00948796
-0.18067
0.00956287
-0.185469
0.00963562
-0.190305
0.00970619
-0.195176
0.0097746
-0.200083
0.00984083
-0.205023
0.00990489
-0.209996
0.00996678
-0.215
0.0100265
-0.220035
0.010084
-0.225098
0.0101394
-0.230191
0.0101926
-0.23531
0.0102436
-0.240455
0.0102925
-0.245626
0.0103392
-0.25082
0.0103837
-0.256037
0.0104261
-0.261275
0.0104663
-0.266535
0.0105043
-0.271814
0.0105401
-0.277111
0.0105738
-0.282426
0.0106052
-0.287756
0.0106345
-0.293102
0.0106616
-0.298462
0.0106864
-0.303835
0.0107088
-0.30922
0.0107288
-0.314615
0.0107462
-0.32002
0.0107608
-0.325434
0.0107723
-0.330856
0.01078
-0.336285
0.0107835
-0.341723
0.0107829
-0.347172
0.0107814
-0.352632
0.010787
-0.358096
0.0108058
-0.363538
0.000266275
-6.95269e-05
0.000572645
-0.000271957
0.000895989
-0.000572359
0.0012163
-0.000966823
0.00153127
-0.00146125
0.0018412
-0.00205727
0.0021468
-0.00275499
0.00244856
-0.0035537
0.0027468
-0.0044524
0.00304165
-0.00544997
0.00333319
-0.00654531
0.00362146
-0.00773731
0.00390647
-0.00902487
0.00418822
-0.0104069
0.00446672
-0.0118823
0.00474196
-0.01345
0.00501394
-0.0151089
0.00528266
-0.0168579
0.00554813
-0.018696
0.00581034
-0.0206219
0.00606929
-0.0226348
0.00632499
-0.0247334
0.00657743
-0.0269167
0.00682661
-0.0291837
0.00707253
-0.0315331
0.0073152
-0.033964
0.00755461
-0.0364752
0.00779076
-0.0390657
0.00802366
-0.0417343
0.00825329
-0.0444801
0.00847967
-0.0473018
0.0087028
-0.0501985
0.00892266
-0.053169
0.00913927
-0.0562122
0.00935262
-0.0593271
0.00956272
-0.0625126
0.00976955
-0.0657675
0.00997313
-0.0690909
0.0101735
-0.0724816
0.0103705
-0.0759385
0.0105643
-0.0794605
0.0107549
-0.0830466
0.0109422
-0.0866957
0.0111262
-0.0904067
0.011307
-0.0941785
0.0114845
-0.09801
0.0116588
-0.1019
0.0118298
-0.105848
0.0119975
-0.109852
0.012162
-0.113911
0.0123233
-0.118025
0.0124812
-0.122192
0.012636
-0.126411
0.0127874
-0.130681
0.0129356
-0.135002
0.0130806
-0.139371
0.0132223
-0.143787
0.0133607
-0.148251
0.0134959
-0.15276
0.0136278
-0.157313
0.0137565
-0.16191
0.0138819
-0.166549
0.014004
-0.17123
0.0141229
-0.175951
0.0142385
-0.180711
0.0143509
-0.185508
0.01446
-0.190343
0.0145659
-0.195214
0.0146685
-0.200119
0.0147678
-0.205058
0.0148639
-0.210029
0.0149568
-0.215033
0.0150463
-0.220066
0.0151326
-0.225129
0.0152157
-0.23022
0.0152955
-0.235338
0.0153721
-0.240482
0.0154453
-0.245651
0.0155154
-0.250844
0.0155822
-0.25606
0.0156457
-0.261298
0.0157059
-0.266556
0.0157629
-0.271833
0.0158167
-0.27713
0.0158672
-0.282443
0.0159144
-0.287773
0.0159584
-0.293118
0.0159991
-0.298476
0.0160366
-0.303848
0.0160708
-0.309231
0.0161018
-0.314625
0.0161296
-0.320028
0.016154
-0.32544
0.0161749
-0.33086
0.0161919
-0.336288
0.0162041
-0.341724
0.0162101
-0.347172
0.0162082
-0.35264
0.0162097
-0.358132
0.0162338
-0.363613
0.000367349
-0.000175626
0.000802363
-0.000427245
0.00122795
-0.000731418
0.00164672
-0.0011253
0.00206063
-0.00161744
0.00247039
-0.00221123
0.00287606
-0.00290691
0.00327758
-0.00370376
0.00367487
-0.0046007
0.00406787
-0.00559659
0.00445656
-0.00669027
0.00484091
-0.00788063
0.00522093
-0.00916656
0.0055966
-0.010547
0.00596793
-0.0120207
0.00633491
-0.0135868
0.00669756
-0.0152441
0.00705585
-0.0169915
0.00740981
-0.0188279
0.00775942
-0.0207522
0.0081047
-0.0227635
0.00844562
-0.0248605
0.00878221
-0.0270421
0.00911445
-0.0293074
0.00944235
-0.0316553
0.0097659
-0.0340845
0.0100851
-0.0365941
0.0104
-0.0391829
0.0107105
-0.04185
0.0110167
-0.0445941
0.0113185
-0.0474142
0.011616
-0.0503092
0.0119092
-0.0532781
0.012198
-0.0563197
0.0124825
-0.059433
0.0127626
-0.0626168
0.0130384
-0.0658701
0.0133098
-0.0691919
0.0135769
-0.0725809
0.0138397
-0.0760362
0.0140981
-0.0795566
0.0143521
-0.0831411
0.0146019
-0.0867886
0.0148472
-0.0904979
0.0150883
-0.0942681
0.015325
-0.0980979
0.0155573
-0.101986
0.0157853
-0.105932
0.016009
-0.109935
0.0162283
-0.113993
0.0164433
-0.118105
0.0166539
-0.12227
0.0168602
-0.126488
0.0170622
-0.130756
0.0172598
-0.135075
0.0174531
-0.139442
0.017642
-0.143857
0.0178266
-0.148319
0.0180068
-0.152826
0.0181827
-0.157378
0.0183542
-0.161974
0.0185214
-0.166611
0.0186843
-0.17129
0.0188428
-0.176009
0.018997
-0.180768
0.0191468
-0.185564
0.0192923
-0.190397
0.0194335
-0.195266
0.0195703
-0.200169
0.0197028
-0.205107
0.0198309
-0.210077
0.0199546
-0.215078
0.0200741
-0.22011
0.0201892
-0.225171
0.0202999
-0.23026
0.0204063
-0.235377
0.0205084
-0.240519
0.0206061
-0.245687
0.0206995
-0.250878
0.0207885
-0.256093
0.0208732
-0.261328
0.0209535
-0.266585
0.0210295
-0.271861
0.0211011
-0.277156
0.0211684
-0.282467
0.0212314
-0.287796
0.02129
-0.293139
0.0213444
-0.298496
0.0213945
-0.303866
0.0214404
-0.309247
0.0214823
-0.31464
0.0215203
-0.320041
0.0215547
-0.325452
0.0215856
-0.33087
0.0216135
-0.336295
0.0216385
-0.341729
0.0216597
-0.347175
0.0216743
-0.35264
0.0216715
-0.35816
0.0216995
-0.363733
0.000558976
-0.000383657
0.00106976
-0.000623653
0.00157614
-0.000931696
0.00208714
-0.00132457
0.00259894
-0.00181557
0.00310884
-0.0024077
0.00361509
-0.00310151
0.00411673
-0.00389635
0.00461329
-0.00479124
0.00510456
-0.00578504
0.00559044
-0.00687664
0.00607089
-0.0080649
0.00654592
-0.00934874
0.00701552
-0.010727
0.00747968
-0.0121987
0.00793842
-0.0137627
0.00839172
-0.0154179
0.00883959
-0.0171632
0.00928204
-0.0189975
0.00971906
-0.0209198
0.0101506
-0.0229289
0.0105768
-0.0250238
0.0109975
-0.0272034
0.0114128
-0.0294666
0.0118227
-0.0318123
0.0122272
-0.0342394
0.0126262
-0.0367469
0.0130198
-0.0393337
0.0134079
-0.0419986
0.0137906
-0.0447406
0.0141679
-0.0475587
0.0145398
-0.0504516
0.0149063
-0.0534184
0.0152673
-0.0564579
0.0156229
-0.0595691
0.015973
-0.0627508
0.0163177
-0.066002
0.016657
-0.0693217
0.0169909
-0.0727086
0.0173194
-0.0761618
0.0176424
-0.0796802
0.01796
-0.0832626
0.0182721
-0.0869079
0.0185788
-0.0906152
0.0188801
-0.0943832
0.019176
-0.098211
0.0194664
-0.102097
0.0197514
-0.106041
0.020031
-0.110042
0.0203052
-0.114098
0.0205739
-0.118208
0.0208372
-0.122371
0.0210951
-0.126586
0.0213475
-0.130853
0.0215945
-0.135169
0.0218361
-0.139534
0.0220723
-0.143947
0.022303
-0.148407
0.0225283
-0.152912
0.0227481
-0.157462
0.0229626
-0.162055
0.0231716
-0.166691
0.0233752
-0.171368
0.0235733
-0.176085
0.023766
-0.180841
0.0239533
-0.185635
0.0241352
-0.190466
0.0243116
-0.195333
0.0244826
-0.200234
0.0246482
-0.20517
0.0248084
-0.210137
0.0249631
-0.215137
0.0251124
-0.220166
0.0252562
-0.225225
0.0253947
-0.230313
0.0255277
-0.235427
0.0256553
-0.240568
0.0257774
-0.245733
0.0258941
-0.250922
0.0260054
-0.256134
0.0261112
-0.261368
0.0262116
-0.266623
0.0263066
-0.271897
0.0263961
-0.277189
0.0264802
-0.282499
0.0265588
-0.287825
0.0266321
-0.293166
0.0266999
-0.298521
0.0267625
-0.303889
0.0268198
-0.309268
0.0268721
-0.314659
0.0269198
-0.320059
0.0269633
-0.325467
0.0270033
-0.330884
0.0270412
-0.336309
0.0270788
-0.341742
0.0271196
-0.347187
0.0271703
-0.352655
0.0272363
-0.358162
0.0273213
-0.363941
